This file contains any messages produced by compilers while
running configure, to aid debugging if configure makes a mistake.

It was created by configure, which was
generated by GNU Autoconf 2.69.  Invocation command line was

  $ ./configure 

## --------- ##
## Platform. ##
## --------- ##

hostname = jessie
uname -m = x86_64
uname -r = 3.16.0-4-amd64
uname -s = Linux
uname -v = #1 SMP Debian 3.16.43-2+deb8u5 (2017-09-19)

/usr/bin/uname -p = unknown
/bin/uname -X     = unknown

/bin/arch              = unknown
/usr/bin/arch -k       = unknown
/usr/convex/getsysinfo = unknown
/usr/bin/hostinfo      = unknown
/bin/machine           = unknown
/usr/bin/oslevel       = unknown
/bin/universe          = unknown

PATH: /home/vagrant/bin
PATH: /usr/local/bin
PATH: /usr/bin
PATH: /bin
PATH: /usr/local/games
PATH: /usr/games


## ----------- ##
## Core tests. ##
## ----------- ##

configure:2077: checking for grep that handles long lines and -e
configure:2135: result: /bin/grep
configure:2140: checking for egrep
configure:2202: result: /bin/grep -E
configure:2207: checking for a sed that does not truncate output
configure:2271: result: /bin/sed
configure:2410: checking for cc
configure:2426: found /usr/bin/cc
configure:2437: result: cc
configure:2468: checking for C compiler version
configure:2477: cc --version >&5
cc (Debian 4.9.2-10) 4.9.2
Copyright (C) 2014 Free Software Foundation, Inc.
This is free software; see the source for copying conditions.  There is NO
warranty; not even for MERCHANTABILITY or FITNESS FOR A PARTICULAR PURPOSE.

configure:2488: $? = 0
configure:2477: cc -v >&5
Using built-in specs.
COLLECT_GCC=cc
COLLECT_LTO_WRAPPER=/usr/lib/gcc/x86_64-linux-gnu/4.9/lto-wrapper
Target: x86_64-linux-gnu
Configured with: ../src/configure -v --with-pkgversion='Debian 4.9.2-10' --with-bugurl=file:///usr/share/doc/gcc-4.9/README.Bugs --enable-languages=c,c++,java,go,d,fortran,objc,obj-c++ --prefix=/usr --program-suffix=-4.9 --enable-shared --enable-linker-build-id --libexecdir=/usr/lib --without-included-gettext --enable-threads=posix --with-gxx-include-dir=/usr/include/c++/4.9 --libdir=/usr/lib --enable-nls --with-sysroot=/ --enable-clocale=gnu --enable-libstdcxx-debug --enable-libstdcxx-time=yes --enable-gnu-unique-object --disable-vtable-verify --enable-plugin --with-system-zlib --disable-browser-plugin --enable-java-awt=gtk --enable-gtk-cairo --with-java-home=/usr/lib/jvm/java-1.5.0-gcj-4.9-amd64/jre --enable-java-home --with-jvm-root-dir=/usr/lib/jvm/java-1.5.0-gcj-4.9-amd64 --with-jvm-jar-dir=/usr/lib/jvm-exports/java-1.5.0-gcj-4.9-amd64 --with-arch-directory=amd64 --with-ecj-jar=/usr/share/java/eclipse-ecj.jar --enable-objc-gc --enable-multiarch --with-arch-32=i586 --with-abi=m64 --with-multilib-list=m32,m64,mx32 --enable-multilib --with-tune=generic --enable-checking=release --build=x86_64-linux-gnu --host=x86_64-linux-gnu --target=x86_64-linux-gnu
Thread model: posix
gcc version 4.9.2 (Debian 4.9.2-10) 
configure:2488: $? = 0
configure:2477: cc -V >&5
cc: error: unrecognized command line option '-V'
cc: fatal error: no input files
compilation terminated.
configure:2488: $? = 4
configure:2477: cc -qversion >&5
cc: error: unrecognized command line option '-qversion'
cc: fatal error: no input files
compilation terminated.
configure:2488: $? = 4
configure:2508: checking whether the C compiler works
configure:2530: cc    conftest.c  >&5
configure:2534: $? = 0
configure:2582: result: yes
configure:2585: checking for C compiler default output file name
configure:2587: result: a.out
configure:2593: checking for suffix of executables
configure:2600: cc -o conftest    conftest.c  >&5
configure:2604: $? = 0
configure:2626: result: 
configure:2648: checking whether we are cross compiling
configure:2656: cc -o conftest    conftest.c  >&5
configure:2660: $? = 0
configure:2667: ./conftest
configure:2671: $? = 0
configure:2686: result: no
configure:2691: checking for suffix of object files
configure:2713: cc -c   conftest.c >&5
configure:2717: $? = 0
configure:2738: result: o
configure:2742: checking whether we are using the GNU C compiler
configure:2761: cc -c   conftest.c >&5
configure:2761: $? = 0
configure:2770: result: yes
configure:2779: checking whether cc accepts -g
configure:2799: cc -c -g  conftest.c >&5
configure:2799: $? = 0
configure:2840: result: yes
configure:2857: checking for cc option to accept ISO C89
configure:2920: cc  -c -g -O2  conftest.c >&5
configure:2920: $? = 0
configure:2933: result: none needed
configure:2959: checking how to run the C preprocessor
configure:2990: cc -E  conftest.c
configure:2990: $? = 0
configure:3004: cc -E  conftest.c
conftest.c:9:28: fatal error: ac_nonexistent.h: No such file or directory
 #include <ac_nonexistent.h>
                            ^
compilation terminated.
configure:3004: $? = 1
configure: failed program was:
| /* confdefs.h */
| #define PACKAGE_NAME ""
| #define PACKAGE_TARNAME ""
| #define PACKAGE_VERSION ""
| #define PACKAGE_STRING ""
| #define PACKAGE_BUGREPORT ""
| #define PACKAGE_URL ""
| /* end confdefs.h.  */
| #include <ac_nonexistent.h>
configure:3029: result: cc -E
configure:3049: cc -E  conftest.c
configure:3049: $? = 0
configure:3063: cc -E  conftest.c
conftest.c:9:28: fatal error: ac_nonexistent.h: No such file or directory
 #include <ac_nonexistent.h>
                            ^
compilation terminated.
configure:3063: $? = 1
configure: failed program was:
| /* confdefs.h */
| #define PACKAGE_NAME ""
| #define PACKAGE_TARNAME ""
| #define PACKAGE_VERSION ""
| #define PACKAGE_STRING ""
| #define PACKAGE_BUGREPORT ""
| #define PACKAGE_URL ""
| /* end confdefs.h.  */
| #include <ac_nonexistent.h>
configure:3094: checking for icc
configure:3103: result: no
configure:3117: checking for suncc
configure:3126: result: no
configure:3144: checking whether cc understands -c and -o together
configure:3172: cc -c conftest.c -o conftest2.o >&5
configure:3176: $? = 0
configure:3182: cc -c conftest.c -o conftest2.o >&5
configure:3186: $? = 0
configure:3241: result: yes
configure:3255: checking for system library directory
configure:3270: result: lib
configure:3277: checking if compiler supports -R
configure:3296: cc -o conftest -g -O2   conftest.c -R /usr/lib  >&5
cc: error: unrecognized command line option '-R'
configure:3296: $? = 1
configure: failed program was:
| /* confdefs.h */
| #define PACKAGE_NAME ""
| #define PACKAGE_TARNAME ""
| #define PACKAGE_VERSION ""
| #define PACKAGE_STRING ""
| #define PACKAGE_BUGREPORT ""
| #define PACKAGE_URL ""
| /* end confdefs.h.  */
| 
| int
| main ()
| {
| 
|   ;
|   return 0;
| }
configure:3306: result: no
configure:3311: checking if compiler supports -Wl,-rpath,
configure:3330: cc -o conftest -g -O2   conftest.c -Wl,-rpath,/usr/lib  >&5
configure:3330: $? = 0
configure:3340: result: yes
configure:3385: checking build system type
configure:3399: result: x86_64-unknown-linux-gnu
configure:3419: checking host system type
configure:3432: result: x86_64-unknown-linux-gnu
configure:3452: checking target system type
configure:3465: result: x86_64-unknown-linux-gnu
configure:3568: checking for PHP prefix
configure:3570: result: /usr
configure:3572: checking for PHP includes
configure:3574: result: -I/usr/include/php/20160303 -I/usr/include/php/20160303/main -I/usr/include/php/20160303/TSRM -I/usr/include/php/20160303/Zend -I/usr/include/php/20160303/ext -I/usr/include/php/20160303/ext/date/lib
configure:3576: checking for PHP extension directory
configure:3578: result: /usr/lib/php/20160303
configure:3580: checking for PHP installed headers prefix
configure:3582: result: /usr/include/php/20160303
configure:3585: checking if debug is enabled
configure:3611: result: no
configure:3614: checking if zts is enabled
configure:3640: result: no
configure:3711: checking for re2c
configure:3741: result: no
configure:3766: WARNING: You will need re2c 0.13.4 or later if you want to regenerate PHP parsers.
configure:3780: checking for gawk
configure:3811: result: no
configure:3780: checking for nawk
configure:3797: found /usr/bin/nawk
configure:3808: result: nawk
configure:3831: checking if nawk is broken
configure:3838: result: no
configure:3852: checking whether to enable ast support
configure:3891: result: yes, shared
configure:4250: checking how to print strings
configure:4277: result: printf
configure:4298: checking for a sed that does not truncate output
configure:4362: result: /bin/sed
configure:4380: checking for fgrep
configure:4442: result: /bin/grep -F
configure:4477: checking for ld used by cc
configure:4544: result: /usr/bin/ld
configure:4551: checking if the linker (/usr/bin/ld) is GNU ld
configure:4566: result: yes
configure:4578: checking for BSD- or MS-compatible name lister (nm)
configure:4627: result: /usr/bin/nm -B
configure:4757: checking the name lister (/usr/bin/nm -B) interface
configure:4764: cc -c -g -O2  conftest.c >&5
configure:4767: /usr/bin/nm -B "conftest.o"
configure:4770: output
0000000000000000 B some_variable
configure:4777: result: BSD nm
configure:4780: checking whether ln -s works
configure:4784: result: yes
configure:4792: checking the maximum length of command line arguments
configure:4923: result: 1572864
configure:4940: checking whether the shell understands some XSI constructs
configure:4950: result: yes
configure:4954: checking whether the shell understands "+="
configure:4960: result: yes
configure:4995: checking how to convert x86_64-unknown-linux-gnu file names to x86_64-unknown-linux-gnu format
configure:5035: result: func_convert_file_noop
configure:5042: checking how to convert x86_64-unknown-linux-gnu file names to toolchain format
configure:5062: result: func_convert_file_noop
configure:5069: checking for /usr/bin/ld option to reload object files
configure:5076: result: -r
configure:5150: checking for objdump
configure:5166: found /usr/bin/objdump
configure:5177: result: objdump
configure:5209: checking how to recognize dependent libraries
configure:5407: result: pass_all
configure:5492: checking for dlltool
configure:5522: result: no
configure:5552: checking how to associate runtime and link libraries
configure:5579: result: printf %s\n
configure:5639: checking for ar
configure:5655: found /usr/bin/ar
configure:5666: result: ar
configure:5703: checking for archiver @FILE support
configure:5720: cc -c -g -O2  conftest.c >&5
configure:5720: $? = 0
configure:5723: ar cru libconftest.a @conftest.lst >&5
configure:5726: $? = 0
configure:5731: ar cru libconftest.a @conftest.lst >&5
ar: conftest.o: No such file or directory
configure:5734: $? = 1
configure:5746: result: @
configure:5804: checking for strip
configure:5820: found /usr/bin/strip
configure:5831: result: strip
configure:5903: checking for ranlib
configure:5919: found /usr/bin/ranlib
configure:5930: result: ranlib
configure:6007: checking for gawk
configure:6034: result: nawk
configure:6074: checking command to parse /usr/bin/nm -B output from cc object
configure:6194: cc -c -g -O2  conftest.c >&5
configure:6197: $? = 0
configure:6201: /usr/bin/nm -B conftest.o \| sed -n -e 's/^.*[ ]\([ABCDGIRSTW][ABCDGIRSTW]*\)[ ][ ]*\([_A-Za-z][_A-Za-z0-9]*\)$/\1 \2 \2/p' | sed '/ __gnu_lto/d' \> conftest.nm
configure:6204: $? = 0
configure:6270: cc -o conftest -g -O2   conftest.c conftstm.o >&5
configure:6273: $? = 0
configure:6311: result: ok
configure:6348: checking for sysroot
configure:6378: result: no
configure:6455: cc -c -g -O2  conftest.c >&5
configure:6458: $? = 0
configure:6647: checking for mt
configure:6663: found /bin/mt
configure:6674: result: mt
configure:6697: checking if mt is a manifest tool
configure:6703: mt '-?'
configure:6711: result: no
configure:7348: checking for ANSI C header files
configure:7368: cc -c -g -O2  conftest.c >&5
configure:7368: $? = 0
configure:7441: cc -o conftest -g -O2   conftest.c  >&5
configure:7441: $? = 0
configure:7441: ./conftest
configure:7441: $? = 0
configure:7452: result: yes
configure:7465: checking for sys/types.h
configure:7465: cc -c -g -O2  conftest.c >&5
configure:7465: $? = 0
configure:7465: result: yes
configure:7465: checking for sys/stat.h
configure:7465: cc -c -g -O2  conftest.c >&5
configure:7465: $? = 0
configure:7465: result: yes
configure:7465: checking for stdlib.h
configure:7465: cc -c -g -O2  conftest.c >&5
configure:7465: $? = 0
configure:7465: result: yes
configure:7465: checking for string.h
configure:7465: cc -c -g -O2  conftest.c >&5
configure:7465: $? = 0
configure:7465: result: yes
configure:7465: checking for memory.h
configure:7465: cc -c -g -O2  conftest.c >&5
configure:7465: $? = 0
configure:7465: result: yes
configure:7465: checking for strings.h
configure:7465: cc -c -g -O2  conftest.c >&5
configure:7465: $? = 0
configure:7465: result: yes
configure:7465: checking for inttypes.h
configure:7465: cc -c -g -O2  conftest.c >&5
configure:7465: $? = 0
configure:7465: result: yes
configure:7465: checking for stdint.h
configure:7465: cc -c -g -O2  conftest.c >&5
configure:7465: $? = 0
configure:7465: result: yes
configure:7465: checking for unistd.h
configure:7465: cc -c -g -O2  conftest.c >&5
configure:7465: $? = 0
configure:7465: result: yes
configure:7479: checking for dlfcn.h
configure:7479: cc -c -g -O2  conftest.c >&5
configure:7479: $? = 0
configure:7479: result: yes
configure:7685: checking for objdir
configure:7700: result: .libs
configure:7971: checking if cc supports -fno-rtti -fno-exceptions
configure:7989: cc -c -g -O2  -fno-rtti -fno-exceptions conftest.c >&5
cc1: warning: command line option '-fno-rtti' is valid for C++/ObjC++ but not for C
configure:7993: $? = 0
configure:8006: result: no
configure:8333: checking for cc option to produce PIC
configure:8340: result: -fPIC -DPIC
configure:8348: checking if cc PIC flag -fPIC -DPIC works
configure:8366: cc -c -g -O2  -fPIC -DPIC -DPIC conftest.c >&5
configure:8370: $? = 0
configure:8383: result: yes
configure:8412: checking if cc static flag -static works
configure:8440: result: yes
configure:8455: checking if cc supports -c -o file.o
configure:8476: cc -c -g -O2  -o out/conftest2.o conftest.c >&5
configure:8480: $? = 0
configure:8502: result: yes
configure:8510: checking if cc supports -c -o file.o
configure:8557: result: yes
configure:8590: checking whether the cc linker (/usr/bin/ld -m elf_x86_64) supports shared libraries
configure:9747: result: yes
configure:9784: checking whether -lc should be explicitly linked in
configure:9792: cc -c -g -O2  conftest.c >&5
configure:9795: $? = 0
configure:9810: cc -shared  -fPIC -DPIC conftest.o  -v -Wl,-soname -Wl,conftest -o conftest 2\>\&1 \| /bin/grep  -lc  \>/dev/null 2\>\&1
configure:9813: $? = 0
configure:9827: result: no
configure:9987: checking dynamic linker characteristics
configure:10487: cc -o conftest -g -O2   -Wl,-rpath -Wl,/foo conftest.c  >&5
configure:10487: $? = 0
configure:10721: result: GNU/Linux ld.so
configure:10828: checking how to hardcode library paths into programs
configure:10853: result: immediate
configure:11393: checking whether stripping libraries is possible
configure:11398: result: yes
configure:11433: checking if libtool supports shared libraries
configure:11435: result: yes
configure:11438: checking whether to build shared libraries
configure:11459: result: yes
configure:11462: checking whether to build static libraries
configure:11466: result: no
configure:11742: creating ./config.status

## ---------------------- ##
## Running config.status. ##
## ---------------------- ##

This file was extended by config.status, which was
generated by GNU Autoconf 2.69.  Invocation command line was

  CONFIG_FILES    = 
  CONFIG_HEADERS  = 
  CONFIG_LINKS    = 
  CONFIG_COMMANDS = 
  $ ./config.status 

on jessie

config.status:886: creating config.h
config.status:990: executing libtool commands

## ---------------- ##
## Cache variables. ##
## ---------------- ##

ac_cv_build=x86_64-unknown-linux-gnu
ac_cv_c_compiler_gnu=yes
ac_cv_env_CC_set=
ac_cv_env_CC_value=
ac_cv_env_CFLAGS_set=
ac_cv_env_CFLAGS_value=
ac_cv_env_CPPFLAGS_set=
ac_cv_env_CPPFLAGS_value=
ac_cv_env_CPP_set=
ac_cv_env_CPP_value=
ac_cv_env_LDFLAGS_set=
ac_cv_env_LDFLAGS_value=
ac_cv_env_LIBS_set=
ac_cv_env_LIBS_value=
ac_cv_env_build_alias_set=
ac_cv_env_build_alias_value=
ac_cv_env_host_alias_set=
ac_cv_env_host_alias_value=
ac_cv_env_target_alias_set=
ac_cv_env_target_alias_value=
ac_cv_header_dlfcn_h=yes
ac_cv_header_inttypes_h=yes
ac_cv_header_memory_h=yes
ac_cv_header_stdc=yes
ac_cv_header_stdint_h=yes
ac_cv_header_stdlib_h=yes
ac_cv_header_string_h=yes
ac_cv_header_strings_h=yes
ac_cv_header_sys_stat_h=yes
ac_cv_header_sys_types_h=yes
ac_cv_header_unistd_h=yes
ac_cv_host=x86_64-unknown-linux-gnu
ac_cv_objext=o
ac_cv_path_EGREP='/bin/grep -E'
ac_cv_path_FGREP='/bin/grep -F'
ac_cv_path_GREP=/bin/grep
ac_cv_path_SED=/bin/sed
ac_cv_prog_AWK=nawk
ac_cv_prog_CPP='cc -E'
ac_cv_prog_ac_ct_AR=ar
ac_cv_prog_ac_ct_CC=cc
ac_cv_prog_ac_ct_MANIFEST_TOOL=mt
ac_cv_prog_ac_ct_OBJDUMP=objdump
ac_cv_prog_ac_ct_RANLIB=ranlib
ac_cv_prog_ac_ct_STRIP=strip
ac_cv_prog_cc_c89=
ac_cv_prog_cc_cc_c_o=yes
ac_cv_prog_cc_g=yes
ac_cv_target=x86_64-unknown-linux-gnu
lt_cv_ar_at_file=@
lt_cv_archive_cmds_need_lc=no
lt_cv_deplibs_check_method=pass_all
lt_cv_file_magic_cmd='$MAGIC_CMD'
lt_cv_file_magic_test_file=
lt_cv_ld_reload_flag=-r
lt_cv_nm_interface='BSD nm'
lt_cv_objdir=.libs
lt_cv_path_LD=/usr/bin/ld
lt_cv_path_NM='/usr/bin/nm -B'
lt_cv_path_mainfest_tool=no
lt_cv_prog_compiler_c_o=yes
lt_cv_prog_compiler_pic='-fPIC -DPIC'
lt_cv_prog_compiler_pic_works=yes
lt_cv_prog_compiler_rtti_exceptions=no
lt_cv_prog_compiler_static_works=yes
lt_cv_prog_gnu_ld=yes
lt_cv_sharedlib_from_linklib_cmd='printf %s\n'
lt_cv_shlibpath_overrides_runpath=no
lt_cv_sys_global_symbol_pipe='sed -n -e '\''s/^.*[	 ]\([ABCDGIRSTW][ABCDGIRSTW]*\)[	 ][	 ]*\([_A-Za-z][_A-Za-z0-9]*\)$/\1 \2 \2/p'\'' | sed '\''/ __gnu_lto/d'\'''
lt_cv_sys_global_symbol_to_c_name_address='sed -n -e '\''s/^: \([^ ]*\)[ ]*$/  {\"\1\", (void *) 0},/p'\'' -e '\''s/^[ABCDGIRSTW]* \([^ ]*\) \([^ ]*\)$/  {"\2", (void *) \&\2},/p'\'''
lt_cv_sys_global_symbol_to_c_name_address_lib_prefix='sed -n -e '\''s/^: \([^ ]*\)[ ]*$/  {\"\1\", (void *) 0},/p'\'' -e '\''s/^[ABCDGIRSTW]* \([^ ]*\) \(lib[^ ]*\)$/  {"\2", (void *) \&\2},/p'\'' -e '\''s/^[ABCDGIRSTW]* \([^ ]*\) \([^ ]*\)$/  {"lib\2", (void *) \&\2},/p'\'''
lt_cv_sys_global_symbol_to_cdecl='sed -n -e '\''s/^T .* \(.*\)$/extern int \1();/p'\'' -e '\''s/^[ABCDGIRSTW]* .* \(.*\)$/extern char \1;/p'\'''
lt_cv_sys_max_cmd_len=1572864
lt_cv_to_host_file_cmd=func_convert_file_noop
lt_cv_to_tool_file_cmd=func_convert_file_noop
php_cv_cc_dashr=no
php_cv_cc_rpath=yes

## ----------------- ##
## Output variables. ##
## ----------------- ##

AR='ar'
AWK='nawk'
CC='cc'
CFLAGS='-g -O2'
CONFIGURE_COMMAND=' '\''./configure'\'' '
CONFIGURE_OPTIONS=''
CPP='cc -E'
CPPFLAGS=' -DHAVE_CONFIG_H'
DEFS='-DHAVE_CONFIG_H'
DLLTOOL='false'
DSYMUTIL=''
DUMPBIN=''
ECHO_C=''
ECHO_N='-n'
ECHO_T=''
EGREP='/bin/grep -E'
EXEEXT=''
FGREP='/bin/grep -F'
GREP='/bin/grep'
LD='/usr/bin/ld -m elf_x86_64'
LDFLAGS=''
LIBOBJS=''
LIBS=''
LIBTOOL='$(SHELL) $(top_builddir)/libtool'
LIPO=''
LN_S='ln -s'
LTLIBOBJS=''
MANIFEST_TOOL=':'
NM='/usr/bin/nm -B'
NMEDIT=''
OBJDUMP='objdump'
OBJEXT='o'
OTOOL64=''
OTOOL=''
PACKAGE_BUGREPORT=''
PACKAGE_NAME=''
PACKAGE_STRING=''
PACKAGE_TARNAME=''
PACKAGE_URL=''
PACKAGE_VERSION=''
PATH_SEPARATOR=':'
RANLIB='ranlib'
RE2C='exit 0;'
SED='/bin/sed'
SHELL='/bin/bash'
SHLIB_DL_SUFFIX_NAME='so'
SHLIB_SUFFIX_NAME='so'
STRIP='strip'
ac_ct_AR='ar'
ac_ct_CC='cc'
ac_ct_DUMPBIN=''
bindir='${exec_prefix}/bin'
build='x86_64-unknown-linux-gnu'
build_alias=''
build_cpu='x86_64'
build_os='linux-gnu'
build_vendor='unknown'
datadir='${datarootdir}'
datarootdir='${prefix}/share'
docdir='${datarootdir}/doc/${PACKAGE}'
dvidir='${docdir}'
exec_prefix='$(prefix)'
host='x86_64-unknown-linux-gnu'
host_alias='x86_64-unknown-linux-gnu'
host_cpu='x86_64'
host_os='linux-gnu'
host_vendor='unknown'
htmldir='${docdir}'
includedir='${prefix}/include'
infodir='${datarootdir}/info'
libdir='${exec_prefix}/lib'
libexecdir='${exec_prefix}/libexec'
localedir='${datarootdir}/locale'
localstatedir='${prefix}/var'
mandir='${datarootdir}/man'
oldincludedir='/usr/include'
pdfdir='${docdir}'
prefix='/usr'
program_transform_name='s,x,x,'
psdir='${docdir}'
sbindir='${exec_prefix}/sbin'
sharedstatedir='${prefix}/com'
sysconfdir='${prefix}/etc'
target='x86_64-unknown-linux-gnu'
target_alias=''
target_cpu='x86_64'
target_os='linux-gnu'
target_vendor='unknown'

## ----------- ##
## confdefs.h. ##
## ----------- ##

/* confdefs.h */
#define PACKAGE_NAME ""
#define PACKAGE_TARNAME ""
#define PACKAGE_VERSION ""
#define PACKAGE_STRING ""
#define PACKAGE_BUGREPORT ""
#define PACKAGE_URL ""
#define COMPILE_DL_AST 1
#define STDC_HEADERS 1
#define HAVE_SYS_TYPES_H 1
#define HAVE_SYS_STAT_H 1
#define HAVE_STDLIB_H 1
#define HAVE_STRING_H 1
#define HAVE_MEMORY_H 1
#define HAVE_STRINGS_H 1
#define HAVE_INTTYPES_H 1
#define HAVE_STDINT_H 1
#define HAVE_UNISTD_H 1
#define HAVE_DLFCN_H 1
#define LT_OBJDIR ".libs/"

configure: exit 0
